0 info it worked if it ends with ok
1 verbose cli [ 'node', '/usr/local/bin/npm', 'install', 'socket.io' ]
2 info using npm@1.3.11
3 info using node@v0.10.20
4 verbose cache add [ 'socket.io', null ]
5 verbose cache add name=undefined spec="socket.io" args=["socket.io",null]
6 verbose parsed url { protocol: null,
6 verbose parsed url   slashes: null,
6 verbose parsed url   auth: null,
6 verbose parsed url   host: null,
6 verbose parsed url   port: null,
6 verbose parsed url   hostname: null,
6 verbose parsed url   hash: null,
6 verbose parsed url   search: null,
6 verbose parsed url   query: null,
6 verbose parsed url   pathname: 'socket.io',
6 verbose parsed url   path: 'socket.io',
6 verbose parsed url   href: 'socket.io' }
7 silly lockFile 71475bfd-socket-io socket.io
8 verbose lock socket.io /Users/sandeep/.npm/71475bfd-socket-io.lock
9 silly lockFile 71475bfd-socket-io socket.io
10 verbose addNamed [ 'socket.io', '' ]
11 verbose addNamed [ null, '*' ]
12 silly lockFile c03de861-socket-io socket.io@
13 verbose lock socket.io@ /Users/sandeep/.npm/c03de861-socket-io.lock
14 silly lockFile c03de861-socket-io socket.io@
15 error Error: EACCES, open '/Users/sandeep/.npm/c03de861-socket-io.lock'
15 error  { [Error: EACCES, open '/Users/sandeep/.npm/c03de861-socket-io.lock']
15 error   errno: 3,
15 error   code: 'EACCES',
15 error   path: '/Users/sandeep/.npm/c03de861-socket-io.lock' }
16 error Please try running this command again as root/Administrator.
17 error System Darwin 12.0.0
18 error command "node" "/usr/local/bin/npm" "install" "socket.io"
19 error cwd /Users/sandeep/Documents/translate
20 error node -v v0.10.20
21 error npm -v 1.3.11
22 error path /Users/sandeep/.npm/c03de861-socket-io.lock
23 error code EACCES
24 error errno 3
25 error stack Error: EACCES, open '/Users/sandeep/.npm/c03de861-socket-io.lock'
26 verbose exit [ 3, true ]
